[0917/231943.441:ERROR:process_reader_win.cc(155)] SuspendThread: アクセスが拒否されました。 (0x5)
[0917/231943.448:ERROR:process_reader_win.cc(155)] SuspendThread: アクセスが拒否されました。 (0x5)
[0917/231943.448:ERROR:process_reader_win.cc(155)] SuspendThread: アクセスが拒否されました。 (0x5)
[0917/231943.448:ERROR:process_reader_win.cc(155)] SuspendThread: アクセスが拒否されました。 (0x5)
[0917/231943.448:ERROR:process_reader_win.cc(155)] SuspendThread: アクセスが拒否されました。 (0x5)
[0917/231943.449:ERROR:process_reader_win.cc(155)] SuspendThread: アクセスが拒否されました。 (0x5)
[0917/231943.449:ERROR:process_reader_win.cc(155)] SuspendThread: アクセスが拒否されました。 (0x5)
[0917/231943.449:ERROR:process_reader_win.cc(155)] SuspendThread: アクセスが拒否されました。 (0x5)
[0917/231943.449:ERROR:process_reader_win.cc(155)] SuspendThread: アクセスが拒否されました。 (0x5)
[0917/231943.449:ERROR:process_reader_win.cc(155)] SuspendThread: アクセスが拒否されました。 (0x5)
[0917/231943.449:ERROR:process_reader_win.cc(155)] SuspendThread: アクセスが拒否されました。 (0x5)
[0917/231943.450:ERROR:process_reader_win.cc(127)] NtOpenThread: {アクセス拒否} プロセスはオブジェクトのアクセスを要求しましたが、アクセス権が与えられていません。 (0xc0000022)
[0917/231943.454:ERROR:exception_snapshot_win.cc(100)] thread ID 14032 not found in process
[0917/231943.460:ERROR:process_reader_win.cc(155)] SuspendThread: アクセスが拒否されました。 (0x5)
[0917/231943.460:ERROR:process_reader_win.cc(155)] SuspendThread: アクセスが拒否されました。 (0x5)
[0917/231943.460:ERROR:process_reader_win.cc(155)] SuspendThread: アクセスが拒否されました。 (0x5)
[0917/231943.460:ERROR:process_reader_win.cc(155)] SuspendThread: アクセスが拒否されました。 (0x5)
[0917/231943.461:ERROR:process_reader_win.cc(155)] SuspendThread: アクセスが拒否されました。 (0x5)
[0917/231943.461:ERROR:process_reader_win.cc(155)] SuspendThread: アクセスが拒否されました。 (0x5)
[0917/231943.461:ERROR:process_reader_win.cc(155)] SuspendThread: アクセスが拒否されました。 (0x5)
[0917/231943.461:ERROR:process_reader_win.cc(155)] SuspendThread: アクセスが拒否されました。 (0x5)
[0917/231943.461:ERROR:process_reader_win.cc(155)] SuspendThread: アクセスが拒否されました。 (0x5)
[0917/231943.461:ERROR:process_reader_win.cc(155)] SuspendThread: アクセスが拒否されました。 (0x5)
[0917/231943.461:ERROR:process_reader_win.cc(155)] SuspendThread: アクセスが拒否されました。 (0x5)
[0917/231943.461:ERROR:process_reader_win.cc(155)] SuspendThread: アクセスが拒否されました。 (0x5)
[0917/231943.461:ERROR:process_reader_win.cc(155)] SuspendThread: アクセスが拒否されました。 (0x5)
[0917/231943.461:ERROR:process_reader_win.cc(155)] SuspendThread: アクセスが拒否されました。 (0x5)
[0917/231943.461:ERROR:process_reader_win.cc(155)] SuspendThread: アクセスが拒否されました。 (0x5)
[0917/231943.461:ERROR:process_reader_win.cc(127)] NtOpenThread: {アクセス拒否} プロセスはオブジェクトのアクセスを要求しましたが、アクセス権が与えられていません。 (0xc0000022)
[0917/231943.461:ERROR:exception_snapshot_win.cc(100)] thread ID 11928 not found in process
[0917/231943.463:ERROR:process_reader_win.cc(155)] SuspendThread: アクセスが拒否されました。 (0x5)
[0917/231943.464:ERROR:process_reader_win.cc(155)] SuspendThread: アクセスが拒否されました。 (0x5)
[0917/231943.464:ERROR:process_reader_win.cc(155)] SuspendThread: アクセスが拒否されました。 (0x5)
[0917/231943.464:ERROR:process_reader_win.cc(155)] SuspendThread: アクセスが拒否されました。 (0x5)
[0917/231943.464:ERROR:process_reader_win.cc(155)] SuspendThread: アクセスが拒否されました。 (0x5)
[0917/231943.464:ERROR:process_reader_win.cc(155)] SuspendThread: アクセスが拒否されました。 (0x5)
[0917/231943.464:ERROR:process_reader_win.cc(155)] SuspendThread: アクセスが拒否されました。 (0x5)
[0917/231943.465:ERROR:process_reader_win.cc(155)] SuspendThread: アクセスが拒否されました。 (0x5)
[0917/231943.466:ERROR:process_reader_win.cc(155)] SuspendThread: アクセスが拒否されました。 (0x5)
[0917/231943.466:ERROR:process_reader_win.cc(155)] SuspendThread: アクセスが拒否されました。 (0x5)
[0917/231943.466:ERROR:process_reader_win.cc(155)] SuspendThread: アクセスが拒否されました。 (0x5)
[0917/231943.466:ERROR:process_reader_win.cc(127)] NtOpenThread: {アクセス拒否} プロセスはオブジェクトのアクセスを要求しましたが、アクセス権が与えられていません。 (0xc0000022)
[0917/231943.466:ERROR:exception_snapshot_win.cc(100)] thread ID 9304 not found in process
[1007/041617.050:ERROR:process_reader_win.cc(127)] NtOpenThread: {アクセス拒否} プロセスはオブジェクトのアクセスを要求しましたが、アクセス権が与えられていません。 (0xc0000022)
[1007/041617.065:ERROR:exception_snapshot_win.cc(100)] thread ID 8712 not found in process
[1007/041617.081:ERROR:process_reader_win.cc(127)] NtOpenThread: {アクセス拒否} プロセスはオブジェクトのアクセスを要求しましたが、アクセス権が与えられていません。 (0xc0000022)
[1007/041617.081:ERROR:exception_snapshot_win.cc(100)] thread ID 18304 not found in process
[1015/220051.887:ERROR:directory_reader_win.cc(43)] FindFirstFile: 指定されたパスが見つかりません。 (0x3)
[1016/020103.956:ERROR:process_reader_win.cc(127)] NtOpenThread: {アクセス拒否} プロセスはオブジェクトのアクセスを要求しましたが、アクセス権が与えられていません。 (0xc0000022)
[1016/020103.956:ERROR:exception_snapshot_win.cc(100)] thread ID 872 not found in process
[1016/020104.269:ERROR:minidumpwritedump_with_crashpad_info.cc(452)] Failed to call MiniDumpWriteDump: アクセスが拒否されました。 (0x80070005)
[1016/020104.269:ERROR:minidumpwritedump_with_crashpad_info.cc(661)] Failed to write minidump file
[1016/020104.269:ERROR:crash_report_exception_handler.cc(134)] TryMiniDumpWriteDumpWithCrashpadInfo failed
[1016/020104.269:ERROR:process_memory_win.cc(73)] ReadMemory at 0x7ff7e3770000 of 64 bytes failed: ReadProcessMemory 要求または WriteProcessMemory 要求の一部だけを完了しました。 (0x12B)
[1016/020104.269:WARNING:pe_image_reader.cc(340)] could not read dos header from C:\Program Files (x86)\Microsoft\Edge\Application\msedge.exe
[1016/020104.269:ERROR:process_memory_win.cc(73)] ReadMemory at 0x7ff7e3770000 of 64 bytes failed: ReadProcessMemory 要求または WriteProcessMemory 要求の一部だけを完了しました。 (0x12B)
[1016/020104.269:WARNING:pe_image_reader.cc(340)] could not read dos header from C:\Program Files (x86)\Microsoft\Edge\Application\msedge.exe
[1016/020104.269:ERROR:process_memory_win.cc(73)] ReadMemory at 0x197fa2cf270 of 72 bytes failed: ReadProcessMemory 要求または WriteProcessMemory 要求の一部だけを完了しました。 (0x12B)
[1016/020104.269:WARNING:pe_image_annotations_reader.cc(135)] could not read annotations list object in C:\Program Files (x86)\Microsoft\Edge\Application\86.0.622.38\msedge_elf.dll
[1016/020104.269:ERROR:process_memory_win.cc(73)] ReadMemory at 0x7ffa608f0000 of 64 bytes failed: ReadProcessMemory 要求または WriteProcessMemory 要求の一部だけを完了しました。 (0x12B)
[1016/020104.269:WARNING:pe_image_reader.cc(340)] could not read dos header from C:\Program Files (x86)\Microsoft\Edge\Application\86.0.622.38\msedge.dll
[1016/020104.269:ERROR:process_memory_win.cc(73)] ReadMemory at 0x7ffa608f0000 of 64 bytes failed: ReadProcessMemory 要求または WriteProcessMemory 要求の一部だけを完了しました。 (0x12B)
[1016/020104.269:WARNING:pe_image_reader.cc(340)] could not read dos header from C:\Program Files (x86)\Microsoft\Edge\Application\86.0.622.38\msedge.dll
