[debug] [2020-10-06T14:37:46.308Z] ----------------------------------------------------------------------
[debug] [2020-10-06T14:37:46.311Z] Command:       C:\Program Files\nodejs\node.exe C:\Users\81805\AppData\Roaming\npm\node_modules\firebase-tools\lib\bin\firebase.js emulators:start
[debug] [2020-10-06T14:37:46.312Z] CLI Version:   8.12.0
[debug] [2020-10-06T14:37:46.312Z] Platform:      win32
[debug] [2020-10-06T14:37:46.312Z] Node Version:  v12.18.3
[debug] [2020-10-06T14:37:46.315Z] Time:          Tue Oct 06 2020 23:37:46 GMT+0900 (GMT+09:00)
[debug] [2020-10-06T14:37:46.315Z] ----------------------------------------------------------------------
[debug] [2020-10-06T14:37:46.315Z] 
[debug] [2020-10-06T14:37:46.329Z] > command requires scopes: ["email","openid","https://www.googleapis.com/auth/cloudplatformprojects.readonly","https://www.googleapis.com/auth/firebase","https://www.googleapis.com/auth/cloud-platform"]
[debug] [2020-10-06T14:37:46.330Z] > authorizing via signed-in user
[info] i  emulators: Starting emulators: functions {"metadata":{"emulator":{"name":"hub"},"message":"Starting emulators: functions"}}
[debug] [2020-10-06T14:37:48.364Z] [hub] writing locator at C:\Users\81805\AppData\Local\Temp\hub-test-ecsite.json
[warn] !  functions: The following emulators are not running, calls to these services from the Functions emulator will affect production: auth, firestore, database, hosting, pubsub {"metadata":{"emulator":{"name":"functions"},"message":"The following emulators are not running, calls to these services from the Functions emulator will affect production: \u001b[1mauth, firestore, database, hosting, pubsub\u001b[22m"}}
[warn] !  Your requested "node" version "10" doesn't match your global version "12" {"metadata":{"emulator":{"name":"functions"},"message":"Your requested \"node\" version \"10\" doesn't match your global version \"12\""}}
[debug] [2020-10-06T14:37:50.487Z] defaultcredentials: writing to file C:\Users\81805\AppData\Roaming\firebase\laylalayla2905_gmail_com_application_default_credentials.json
[debug] [2020-10-06T14:37:50.493Z] Setting GAC to C:\Users\81805\AppData\Roaming\firebase\laylalayla2905_gmail_com_application_default_credentials.json {"metadata":{"emulator":{"name":"functions"},"message":"Setting GAC to C:\\Users\\81805\\AppData\\Roaming\\firebase\\laylalayla2905_gmail_com_application_default_credentials.json"}}
[info] i  ui: downloading ui-v1.1.1.zip... {"metadata":{"emulator":{"name":"ui"},"message":"downloading ui-v1.1.1.zip..."}}
[debug] [2020-10-06T14:37:55.677Z] Ignoring unsupported arg: auto_download {"metadata":{"emulator":{"name":"ui"},"message":"Ignoring unsupported arg: auto_download"}}
[debug] [2020-10-06T14:37:55.677Z] Ignoring unsupported arg: port {"metadata":{"emulator":{"name":"ui"},"message":"Ignoring unsupported arg: port"}}
[debug] [2020-10-06T14:37:55.677Z] Starting Emulator UI with command {"binary":"node","args":["C:\\Users\\81805\\.cache\\firebase\\emulators\\ui-v1.1.1\\server.bundle.js"],"optionalArgs":[],"joinArgs":false} {"metadata":{"emulator":{"name":"ui"},"message":"Starting Emulator UI with command {\"binary\":\"node\",\"args\":[\"C:\\\\Users\\\\81805\\\\.cache\\\\firebase\\\\emulators\\\\ui-v1.1.1\\\\server.bundle.js\"],\"optionalArgs\":[],\"joinArgs\":false}"}}
[info] i  ui: Emulator UI logging to ui-debug.log {"metadata":{"emulator":{"name":"ui"},"message":"Emulator UI logging to \u001b[1mui-debug.log\u001b[22m"}}
[debug] [2020-10-06T14:37:56.886Z] Web / API server started at http://localhost:4000
 {"metadata":{"emulator":{"name":"ui"},"message":"Web / API server started at http://localhost:4000\n"}}
[info] i  functions: Watching "C:\Users\81805\amozon-clone\functions" for Cloud Functions... {"metadata":{"emulator":{"name":"functions"},"message":"Watching \"C:\\Users\\81805\\amozon-clone\\functions\" for Cloud Functions..."}}
[debug] [2020-10-06T14:37:57.967Z] [worker-pool] addWorker(~diagnostic~) {"metadata":{"emulator":{"name":"functions"},"message":"[worker-pool] addWorker(~diagnostic~)"}}
[debug] [2020-10-06T14:37:57.967Z] [worker-pool] Adding worker with key ~diagnostic~, total=1 {"metadata":{"emulator":{"name":"functions"},"message":"[worker-pool] Adding worker with key ~diagnostic~, total=1"}}
[debug] [2020-10-06T14:37:57.967Z] [worker-pool] submitWork(triggerId=) {"metadata":{"emulator":{"name":"functions"},"message":"[worker-pool] submitWork(triggerId=)"}}
[debug] [2020-10-06T14:37:57.968Z] [worker-~diagnostic~-39e8b076-96a1-4fba-be73-c97b08e34a52]: Assigning socketPath: \\?\pipe\C:\Users\81805\amozon-clone\functions\10136 {"metadata":{"emulator":{"name":"functions"},"message":"[worker-~diagnostic~-39e8b076-96a1-4fba-be73-c97b08e34a52]: Assigning socketPath: \\\\?\\pipe\\C:\\Users\\81805\\amozon-clone\\functions\\10136"}}
[debug] [2020-10-06T14:37:57.969Z] [worker-~diagnostic~-39e8b076-96a1-4fba-be73-c97b08e34a52]: BUSY {"metadata":{"emulator":{"name":"functions"},"message":"[worker-~diagnostic~-39e8b076-96a1-4fba-be73-c97b08e34a52]: BUSY"}}
[debug] [2020-10-06T14:37:58.784Z] [runtime-status] [10136] Functions runtime initialized. {"cwd":"C:\\Users\\81805\\amozon-clone\\functions","node_version":"12.18.3"} {"metadata":{"emulator":{"name":"functions"},"message":"[runtime-status] [10136] Functions runtime initialized. {\"cwd\":\"C:\\\\Users\\\\81805\\\\amozon-clone\\\\functions\",\"node_version\":\"12.18.3\"}"}}
[debug] [2020-10-06T14:37:58.786Z] [runtime-status] [10136] Disabled runtime features: undefined {"metadata":{"emulator":{"name":"functions"},"message":"[runtime-status] [10136] Disabled runtime features: undefined"}}
[debug] [2020-10-06T14:37:58.798Z] [runtime-status] [10136] Resolved module firebase-admin {"declared":true,"installed":true,"version":"8.13.0","resolution":"C:\\Users\\81805\\amozon-clone\\functions\\node_modules\\firebase-admin\\lib\\index.js"} {"metadata":{"emulator":{"name":"functions"},"message":"[runtime-status] [10136] Resolved module firebase-admin {\"declared\":true,\"installed\":true,\"version\":\"8.13.0\",\"resolution\":\"C:\\\\Users\\\\81805\\\\amozon-clone\\\\functions\\\\node_modules\\\\firebase-admin\\\\lib\\\\index.js\"}"}}
[debug] [2020-10-06T14:37:58.802Z] [runtime-status] [10136] Resolved module firebase-functions {"declared":true,"installed":true,"version":"3.11.0","resolution":"C:\\Users\\81805\\amozon-clone\\functions\\node_modules\\firebase-functions\\lib\\index.js"} {"metadata":{"emulator":{"name":"functions"},"message":"[runtime-status] [10136] Resolved module firebase-functions {\"declared\":true,\"installed\":true,\"version\":\"3.11.0\",\"resolution\":\"C:\\\\Users\\\\81805\\\\amozon-clone\\\\functions\\\\node_modules\\\\firebase-functions\\\\lib\\\\index.js\"}"}}
[debug] [2020-10-06T14:37:58.804Z] [runtime-status] [10136] Resolved module firebase-functions {"declared":true,"installed":true,"version":"3.11.0","resolution":"C:\\Users\\81805\\amozon-clone\\functions\\node_modules\\firebase-functions\\lib\\index.js"} {"metadata":{"emulator":{"name":"functions"},"message":"[runtime-status] [10136] Resolved module firebase-functions {\"declared\":true,\"installed\":true,\"version\":\"3.11.0\",\"resolution\":\"C:\\\\Users\\\\81805\\\\amozon-clone\\\\functions\\\\node_modules\\\\firebase-functions\\\\lib\\\\index.js\"}"}}
[debug] [2020-10-06T14:37:58.806Z] [runtime-status] [10136] Outgoing network have been stubbed. [{"name":"http","status":"mocked"},{"name":"http","status":"mocked"},{"name":"https","status":"mocked"},{"name":"https","status":"mocked"},{"name":"net","status":"mocked"}] {"metadata":{"emulator":{"name":"functions"},"message":"[runtime-status] [10136] Outgoing network have been stubbed. [{\"name\":\"http\",\"status\":\"mocked\"},{\"name\":\"http\",\"status\":\"mocked\"},{\"name\":\"https\",\"status\":\"mocked\"},{\"name\":\"https\",\"status\":\"mocked\"},{\"name\":\"net\",\"status\":\"mocked\"}]"}}
[debug] [2020-10-06T14:37:58.807Z] [runtime-status] [10136] Resolved module firebase-functions {"declared":true,"installed":true,"version":"3.11.0","resolution":"C:\\Users\\81805\\amozon-clone\\functions\\node_modules\\firebase-functions\\lib\\index.js"} {"metadata":{"emulator":{"name":"functions"},"message":"[runtime-status] [10136] Resolved module firebase-functions {\"declared\":true,\"installed\":true,\"version\":\"3.11.0\",\"resolution\":\"C:\\\\Users\\\\81805\\\\amozon-clone\\\\functions\\\\node_modules\\\\firebase-functions\\\\lib\\\\index.js\"}"}}
[debug] [2020-10-06T14:37:58.901Z] [runtime-status] [10136] Checked functions.config() {"config":{}} {"metadata":{"emulator":{"name":"functions"},"message":"[runtime-status] [10136] Checked functions.config() {\"config\":{}}"}}
[debug] [2020-10-06T14:37:58.901Z] [runtime-status] [10136] firebase-functions has been stubbed. {"functionsResolution":{"declared":true,"installed":true,"version":"3.11.0","resolution":"C:\\Users\\81805\\amozon-clone\\functions\\node_modules\\firebase-functions\\lib\\index.js"}} {"metadata":{"emulator":{"name":"functions"},"message":"[runtime-status] [10136] firebase-functions has been stubbed. {\"functionsResolution\":{\"declared\":true,\"installed\":true,\"version\":\"3.11.0\",\"resolution\":\"C:\\\\Users\\\\81805\\\\amozon-clone\\\\functions\\\\node_modules\\\\firebase-functions\\\\lib\\\\index.js\"}}"}}
[debug] [2020-10-06T14:37:58.902Z] [runtime-status] [10136] Resolved module firebase-functions {"declared":true,"installed":true,"version":"3.11.0","resolution":"C:\\Users\\81805\\amozon-clone\\functions\\node_modules\\firebase-functions\\lib\\index.js"} {"metadata":{"emulator":{"name":"functions"},"message":"[runtime-status] [10136] Resolved module firebase-functions {\"declared\":true,\"installed\":true,\"version\":\"3.11.0\",\"resolution\":\"C:\\\\Users\\\\81805\\\\amozon-clone\\\\functions\\\\node_modules\\\\firebase-functions\\\\lib\\\\index.js\"}"}}
[debug] [2020-10-06T14:37:58.904Z] [runtime-status] [10136] Resolved module firebase-admin {"declared":true,"installed":true,"version":"8.13.0","resolution":"C:\\Users\\81805\\amozon-clone\\functions\\node_modules\\firebase-admin\\lib\\index.js"} {"metadata":{"emulator":{"name":"functions"},"message":"[runtime-status] [10136] Resolved module firebase-admin {\"declared\":true,\"installed\":true,\"version\":\"8.13.0\",\"resolution\":\"C:\\\\Users\\\\81805\\\\amozon-clone\\\\functions\\\\node_modules\\\\firebase-admin\\\\lib\\\\index.js\"}"}}
[debug] [2020-10-06T14:37:58.905Z] [runtime-status] [10136] Resolved module firebase-functions {"declared":true,"installed":true,"version":"3.11.0","resolution":"C:\\Users\\81805\\amozon-clone\\functions\\node_modules\\firebase-functions\\lib\\index.js"} {"metadata":{"emulator":{"name":"functions"},"message":"[runtime-status] [10136] Resolved module firebase-functions {\"declared\":true,\"installed\":true,\"version\":\"3.11.0\",\"resolution\":\"C:\\\\Users\\\\81805\\\\amozon-clone\\\\functions\\\\node_modules\\\\firebase-functions\\\\lib\\\\index.js\"}"}}
[debug] [2020-10-06T14:37:58.905Z] [runtime-status] [10136] firebase-admin has been stubbed. {"adminResolution":{"declared":true,"installed":true,"version":"8.13.0","resolution":"C:\\Users\\81805\\amozon-clone\\functions\\node_modules\\firebase-admin\\lib\\index.js"}} {"metadata":{"emulator":{"name":"functions"},"message":"[runtime-status] [10136] firebase-admin has been stubbed. {\"adminResolution\":{\"declared\":true,\"installed\":true,\"version\":\"8.13.0\",\"resolution\":\"C:\\\\Users\\\\81805\\\\amozon-clone\\\\functions\\\\node_modules\\\\firebase-admin\\\\lib\\\\index.js\"}}"}}
[info] +  functions[api]: http function initialized (http://localhost:5001/test-ecsite/us-central1/api). {"metadata":{"emulator":{"name":"functions"},"message":"\u001b[1mhttp\u001b[22m function initialized (http://localhost:5001/test-ecsite/us-central1/api)."}}
[info] 
┌───────────────────────────────────────────────────────────────────────┐
│ ✔  All emulators ready! View status and logs at http://localhost:4000 │
└───────────────────────────────────────────────────────────────────────┘

┌───────────┬────────────────┬─────────────────────────────────┐
│ Emulator  │ Host:Port      │ View in Emulator UI             │
├───────────┼────────────────┼─────────────────────────────────┤
│ Functions │ localhost:5001 │ http://localhost:4000/functions │
└───────────┴────────────────┴─────────────────────────────────┘
  Other reserved ports: 4400, 4500

Issues? Report them at https://github.com/firebase/firebase-tools/issues and attach the *-debug.log files.
 
[debug] [2020-10-06T14:37:59.603Z] [worker-~diagnostic~-39e8b076-96a1-4fba-be73-c97b08e34a52]: IDLE {"metadata":{"emulator":{"name":"functions"},"message":"[worker-~diagnostic~-39e8b076-96a1-4fba-be73-c97b08e34a52]: IDLE"}}
[debug] [2020-10-06T14:41:02.967Z] [work-queue] {"queueLength":1,"workRunningCount":0}
[debug] [2020-10-06T14:41:02.968Z] [work-queue] {"queueLength":0,"workRunningCount":1}
[debug] [2020-10-06T14:41:02.970Z] Accepted request GET /test-ecsite/us-central1/api --> api
[debug] [2020-10-06T14:41:04.164Z] [worker-pool] addWorker(api) {"metadata":{"emulator":{"name":"functions"},"message":"[worker-pool] addWorker(api)"}}
[debug] [2020-10-06T14:41:04.164Z] [worker-pool] Adding worker with key api, total=1 {"metadata":{"emulator":{"name":"functions"},"message":"[worker-pool] Adding worker with key api, total=1"}}
[debug] [2020-10-06T14:41:04.164Z] [worker-pool] submitWork(triggerId=api) {"metadata":{"emulator":{"name":"functions"},"message":"[worker-pool] submitWork(triggerId=api)"}}
[debug] [2020-10-06T14:41:04.164Z] [worker-api-c7026030-2091-4c8e-81b7-6ad12e626999]: Assigning socketPath: \\?\pipe\C:\Users\81805\amozon-clone\functions\4880 {"metadata":{"emulator":{"name":"functions"},"message":"[worker-api-c7026030-2091-4c8e-81b7-6ad12e626999]: Assigning socketPath: \\\\?\\pipe\\C:\\Users\\81805\\amozon-clone\\functions\\4880"}}
[debug] [2020-10-06T14:41:04.165Z] [worker-api-c7026030-2091-4c8e-81b7-6ad12e626999]: BUSY {"metadata":{"emulator":{"name":"functions"},"message":"[worker-api-c7026030-2091-4c8e-81b7-6ad12e626999]: BUSY"}}
[debug] [2020-10-06T14:41:05.330Z] [runtime-status] [4880] Functions runtime initialized. {"cwd":"C:\\Users\\81805\\amozon-clone\\functions","node_version":"12.18.3"} {"metadata":{"emulator":{"name":"functions"},"function":{"name":"api"},"message":"[runtime-status] [4880] Functions runtime initialized. {\"cwd\":\"C:\\\\Users\\\\81805\\\\amozon-clone\\\\functions\",\"node_version\":\"12.18.3\"}"}}
[debug] [2020-10-06T14:41:05.338Z] [runtime-status] [4880] Disabled runtime features: undefined {"metadata":{"emulator":{"name":"functions"},"function":{"name":"api"},"message":"[runtime-status] [4880] Disabled runtime features: undefined"}}
[debug] [2020-10-06T14:41:05.349Z] [runtime-status] [4880] Resolved module firebase-admin {"declared":true,"installed":true,"version":"8.13.0","resolution":"C:\\Users\\81805\\amozon-clone\\functions\\node_modules\\firebase-admin\\lib\\index.js"} {"metadata":{"emulator":{"name":"functions"},"function":{"name":"api"},"message":"[runtime-status] [4880] Resolved module firebase-admin {\"declared\":true,\"installed\":true,\"version\":\"8.13.0\",\"resolution\":\"C:\\\\Users\\\\81805\\\\amozon-clone\\\\functions\\\\node_modules\\\\firebase-admin\\\\lib\\\\index.js\"}"}}
[debug] [2020-10-06T14:41:05.354Z] [runtime-status] [4880] Resolved module firebase-functions {"declared":true,"installed":true,"version":"3.11.0","resolution":"C:\\Users\\81805\\amozon-clone\\functions\\node_modules\\firebase-functions\\lib\\index.js"} {"metadata":{"emulator":{"name":"functions"},"function":{"name":"api"},"message":"[runtime-status] [4880] Resolved module firebase-functions {\"declared\":true,\"installed\":true,\"version\":\"3.11.0\",\"resolution\":\"C:\\\\Users\\\\81805\\\\amozon-clone\\\\functions\\\\node_modules\\\\firebase-functions\\\\lib\\\\index.js\"}"}}
[debug] [2020-10-06T14:41:05.358Z] [runtime-status] [4880] Resolved module firebase-functions {"declared":true,"installed":true,"version":"3.11.0","resolution":"C:\\Users\\81805\\amozon-clone\\functions\\node_modules\\firebase-functions\\lib\\index.js"} {"metadata":{"emulator":{"name":"functions"},"function":{"name":"api"},"message":"[runtime-status] [4880] Resolved module firebase-functions {\"declared\":true,\"installed\":true,\"version\":\"3.11.0\",\"resolution\":\"C:\\\\Users\\\\81805\\\\amozon-clone\\\\functions\\\\node_modules\\\\firebase-functions\\\\lib\\\\index.js\"}"}}
[debug] [2020-10-06T14:41:05.361Z] [runtime-status] [4880] Outgoing network have been stubbed. [{"name":"http","status":"mocked"},{"name":"http","status":"mocked"},{"name":"https","status":"mocked"},{"name":"https","status":"mocked"},{"name":"net","status":"mocked"}] {"metadata":{"emulator":{"name":"functions"},"function":{"name":"api"},"message":"[runtime-status] [4880] Outgoing network have been stubbed. [{\"name\":\"http\",\"status\":\"mocked\"},{\"name\":\"http\",\"status\":\"mocked\"},{\"name\":\"https\",\"status\":\"mocked\"},{\"name\":\"https\",\"status\":\"mocked\"},{\"name\":\"net\",\"status\":\"mocked\"}]"}}
[debug] [2020-10-06T14:41:05.362Z] [runtime-status] [4880] Resolved module firebase-functions {"declared":true,"installed":true,"version":"3.11.0","resolution":"C:\\Users\\81805\\amozon-clone\\functions\\node_modules\\firebase-functions\\lib\\index.js"} {"metadata":{"emulator":{"name":"functions"},"function":{"name":"api"},"message":"[runtime-status] [4880] Resolved module firebase-functions {\"declared\":true,\"installed\":true,\"version\":\"3.11.0\",\"resolution\":\"C:\\\\Users\\\\81805\\\\amozon-clone\\\\functions\\\\node_modules\\\\firebase-functions\\\\lib\\\\index.js\"}"}}
[debug] [2020-10-06T14:41:05.480Z] [runtime-status] [4880] Checked functions.config() {"config":{}} {"metadata":{"emulator":{"name":"functions"},"function":{"name":"api"},"message":"[runtime-status] [4880] Checked functions.config() {\"config\":{}}"}}
[debug] [2020-10-06T14:41:05.480Z] [runtime-status] [4880] firebase-functions has been stubbed. {"functionsResolution":{"declared":true,"installed":true,"version":"3.11.0","resolution":"C:\\Users\\81805\\amozon-clone\\functions\\node_modules\\firebase-functions\\lib\\index.js"}} {"metadata":{"emulator":{"name":"functions"},"function":{"name":"api"},"message":"[runtime-status] [4880] firebase-functions has been stubbed. {\"functionsResolution\":{\"declared\":true,\"installed\":true,\"version\":\"3.11.0\",\"resolution\":\"C:\\\\Users\\\\81805\\\\amozon-clone\\\\functions\\\\node_modules\\\\firebase-functions\\\\lib\\\\index.js\"}}"}}
[debug] [2020-10-06T14:41:05.481Z] [runtime-status] [4880] Resolved module firebase-functions {"declared":true,"installed":true,"version":"3.11.0","resolution":"C:\\Users\\81805\\amozon-clone\\functions\\node_modules\\firebase-functions\\lib\\index.js"} {"metadata":{"emulator":{"name":"functions"},"function":{"name":"api"},"message":"[runtime-status] [4880] Resolved module firebase-functions {\"declared\":true,\"installed\":true,\"version\":\"3.11.0\",\"resolution\":\"C:\\\\Users\\\\81805\\\\amozon-clone\\\\functions\\\\node_modules\\\\firebase-functions\\\\lib\\\\index.js\"}"}}
[debug] [2020-10-06T14:41:05.484Z] [runtime-status] [4880] Resolved module firebase-admin {"declared":true,"installed":true,"version":"8.13.0","resolution":"C:\\Users\\81805\\amozon-clone\\functions\\node_modules\\firebase-admin\\lib\\index.js"} {"metadata":{"emulator":{"name":"functions"},"function":{"name":"api"},"message":"[runtime-status] [4880] Resolved module firebase-admin {\"declared\":true,\"installed\":true,\"version\":\"8.13.0\",\"resolution\":\"C:\\\\Users\\\\81805\\\\amozon-clone\\\\functions\\\\node_modules\\\\firebase-admin\\\\lib\\\\index.js\"}"}}
[debug] [2020-10-06T14:41:05.487Z] [runtime-status] [4880] Resolved module firebase-functions {"declared":true,"installed":true,"version":"3.11.0","resolution":"C:\\Users\\81805\\amozon-clone\\functions\\node_modules\\firebase-functions\\lib\\index.js"} {"metadata":{"emulator":{"name":"functions"},"function":{"name":"api"},"message":"[runtime-status] [4880] Resolved module firebase-functions {\"declared\":true,\"installed\":true,\"version\":\"3.11.0\",\"resolution\":\"C:\\\\Users\\\\81805\\\\amozon-clone\\\\functions\\\\node_modules\\\\firebase-functions\\\\lib\\\\index.js\"}"}}
[debug] [2020-10-06T14:41:05.487Z] [runtime-status] [4880] firebase-admin has been stubbed. {"adminResolution":{"declared":true,"installed":true,"version":"8.13.0","resolution":"C:\\Users\\81805\\amozon-clone\\functions\\node_modules\\firebase-admin\\lib\\index.js"}} {"metadata":{"emulator":{"name":"functions"},"function":{"name":"api"},"message":"[runtime-status] [4880] firebase-admin has been stubbed. {\"adminResolution\":{\"declared\":true,\"installed\":true,\"version\":\"8.13.0\",\"resolution\":\"C:\\\\Users\\\\81805\\\\amozon-clone\\\\functions\\\\node_modules\\\\firebase-admin\\\\lib\\\\index.js\"}}"}}
[debug] [2020-10-06T14:41:05.959Z] [runtime-status] [4880] Trigger "api" has been found, beginning invocation! {"metadata":{"emulator":{"name":"functions"},"function":{"name":"api"},"message":"[runtime-status] [4880] Trigger \"api\" has been found, beginning invocation!"}}
[info] i  functions: Beginning execution of "api" {"metadata":{"emulator":{"name":"functions"},"function":{"name":"api"},"message":"Beginning execution of \"api\""}}
[debug] [2020-10-06T14:41:05.961Z] [runtime-status] [4880] triggerDefinition {"httpsTrigger":{},"name":"api","entryPoint":"api"} {"metadata":{"emulator":{"name":"functions"},"function":{"name":"api"},"message":"[runtime-status] [4880] triggerDefinition {\"httpsTrigger\":{},\"name\":\"api\",\"entryPoint\":\"api\"}"}}
[debug] [2020-10-06T14:41:05.962Z] [runtime-status] [4880] Running api in mode HTTPS {"metadata":{"emulator":{"name":"functions"},"function":{"name":"api"},"message":"[runtime-status] [4880] Running api in mode HTTPS"}}
[debug] [2020-10-06T14:41:05.968Z] [runtime-status] [4880] Attempting to listen to socketPath: \\?\pipe\C:\Users\81805\amozon-clone\functions\4880 {"metadata":{"emulator":{"name":"functions"},"function":{"name":"api"},"message":"[runtime-status] [4880] Attempting to listen to socketPath: \\\\?\\pipe\\C:\\Users\\81805\\amozon-clone\\functions\\4880"}}
[debug] [2020-10-06T14:41:05.977Z] [functions] Runtime ready! Sending request! {"metadata":{"emulator":{"name":"functions"},"message":"[functions] Runtime ready! Sending request!"}}
[debug] [2020-10-06T14:41:05.992Z] [runtime-status] [4880] Ephemeral server handling GET request {"metadata":{"emulator":{"name":"functions"},"function":{"name":"api"},"message":"[runtime-status] [4880] Ephemeral server handling GET request"}}
[debug] [2020-10-06T14:41:06.013Z] [runtime-status] [4880] Ephemeral server survived. {"metadata":{"emulator":{"name":"functions"},"function":{"name":"api"},"message":"[runtime-status] [4880] Ephemeral server survived."}}
[info] i  functions: Finished "api" in ~1s {"metadata":{"emulator":{"name":"functions"},"function":{"name":"api"},"message":"Finished \"api\" in ~1s"}}
[debug] [2020-10-06T14:41:06.021Z] [worker-api-c7026030-2091-4c8e-81b7-6ad12e626999]: IDLE {"metadata":{"emulator":{"name":"functions"},"message":"[worker-api-c7026030-2091-4c8e-81b7-6ad12e626999]: IDLE"}}
[debug] [2020-10-06T14:41:06.022Z] [work-queue] {"queueLength":0,"workRunningCount":0}
[debug] [2020-10-06T14:41:06.121Z] Functions emulator received unknown request at path /favicon.ico
[debug] [2020-10-06T19:10:20.230Z] File C:\Users\81805\amozon-clone\functions\index.js changed, reloading triggers {"metadata":{"emulator":{"name":"functions"},"message":"File C:\\Users\\81805\\amozon-clone\\functions\\index.js changed, reloading triggers"}}
[debug] [2020-10-06T19:10:21.273Z] [worker-pool] Shutting down IDLE worker (~diagnostic~) {"metadata":{"emulator":{"name":"functions"},"message":"[worker-pool] Shutting down IDLE worker (~diagnostic~)"}}
[debug] [2020-10-06T19:10:21.274Z] [worker-~diagnostic~-39e8b076-96a1-4fba-be73-c97b08e34a52]: FINISHING {"metadata":{"emulator":{"name":"functions"},"message":"[worker-~diagnostic~-39e8b076-96a1-4fba-be73-c97b08e34a52]: FINISHING"}}
[debug] [2020-10-06T19:10:21.288Z] [worker-pool] Shutting down IDLE worker (api) {"metadata":{"emulator":{"name":"functions"},"message":"[worker-pool] Shutting down IDLE worker (api)"}}
[debug] [2020-10-06T19:10:21.289Z] [worker-api-c7026030-2091-4c8e-81b7-6ad12e626999]: FINISHING {"metadata":{"emulator":{"name":"functions"},"message":"[worker-api-c7026030-2091-4c8e-81b7-6ad12e626999]: FINISHING"}}
[debug] [2020-10-06T19:10:22.526Z] [worker-pool] addWorker(~diagnostic~) {"metadata":{"emulator":{"name":"functions"},"message":"[worker-pool] addWorker(~diagnostic~)"}}
[debug] [2020-10-06T19:10:22.527Z] [worker-pool] Adding worker with key ~diagnostic~, total=2 {"metadata":{"emulator":{"name":"functions"},"message":"[worker-pool] Adding worker with key ~diagnostic~, total=2"}}
[debug] [2020-10-06T19:10:22.527Z] [worker-pool] submitWork(triggerId=) {"metadata":{"emulator":{"name":"functions"},"message":"[worker-pool] submitWork(triggerId=)"}}
[debug] [2020-10-06T19:10:22.529Z] [worker-~diagnostic~-f961fc96-0544-4e1e-a01c-177260d11eaa]: Assigning socketPath: \\?\pipe\C:\Users\81805\amozon-clone\functions\14768 {"metadata":{"emulator":{"name":"functions"},"message":"[worker-~diagnostic~-f961fc96-0544-4e1e-a01c-177260d11eaa]: Assigning socketPath: \\\\?\\pipe\\C:\\Users\\81805\\amozon-clone\\functions\\14768"}}
[debug] [2020-10-06T19:10:22.530Z] [worker-~diagnostic~-f961fc96-0544-4e1e-a01c-177260d11eaa]: BUSY {"metadata":{"emulator":{"name":"functions"},"message":"[worker-~diagnostic~-f961fc96-0544-4e1e-a01c-177260d11eaa]: BUSY"}}
[debug] [2020-10-06T19:10:22.545Z] [worker-api-c7026030-2091-4c8e-81b7-6ad12e626999]: exited {"metadata":{"emulator":{"name":"functions"},"message":"[worker-api-c7026030-2091-4c8e-81b7-6ad12e626999]: exited"}}
[debug] [2020-10-06T19:10:22.546Z] [worker-api-c7026030-2091-4c8e-81b7-6ad12e626999]: FINISHED {"metadata":{"emulator":{"name":"functions"},"message":"[worker-api-c7026030-2091-4c8e-81b7-6ad12e626999]: FINISHED"}}
[debug] [2020-10-06T19:10:22.547Z] [worker-~diagnostic~-39e8b076-96a1-4fba-be73-c97b08e34a52]: exited {"metadata":{"emulator":{"name":"functions"},"message":"[worker-~diagnostic~-39e8b076-96a1-4fba-be73-c97b08e34a52]: exited"}}
[debug] [2020-10-06T19:10:22.547Z] [worker-~diagnostic~-39e8b076-96a1-4fba-be73-c97b08e34a52]: FINISHED {"metadata":{"emulator":{"name":"functions"},"message":"[worker-~diagnostic~-39e8b076-96a1-4fba-be73-c97b08e34a52]: FINISHED"}}
[debug] [2020-10-06T19:10:23.926Z] [runtime-status] [14768] Functions runtime initialized. {"cwd":"C:\\Users\\81805\\amozon-clone\\functions","node_version":"12.18.3"} {"metadata":{"emulator":{"name":"functions"},"message":"[runtime-status] [14768] Functions runtime initialized. {\"cwd\":\"C:\\\\Users\\\\81805\\\\amozon-clone\\\\functions\",\"node_version\":\"12.18.3\"}"}}
[debug] [2020-10-06T19:10:23.930Z] [runtime-status] [14768] Disabled runtime features: undefined {"metadata":{"emulator":{"name":"functions"},"message":"[runtime-status] [14768] Disabled runtime features: undefined"}}
[debug] [2020-10-06T19:10:23.970Z] [runtime-status] [14768] Resolved module firebase-admin {"declared":true,"installed":true,"version":"8.13.0","resolution":"C:\\Users\\81805\\amozon-clone\\functions\\node_modules\\firebase-admin\\lib\\index.js"} {"metadata":{"emulator":{"name":"functions"},"message":"[runtime-status] [14768] Resolved module firebase-admin {\"declared\":true,\"installed\":true,\"version\":\"8.13.0\",\"resolution\":\"C:\\\\Users\\\\81805\\\\amozon-clone\\\\functions\\\\node_modules\\\\firebase-admin\\\\lib\\\\index.js\"}"}}
[debug] [2020-10-06T19:10:24.013Z] [runtime-status] [14768] Resolved module firebase-functions {"declared":true,"installed":true,"version":"3.11.0","resolution":"C:\\Users\\81805\\amozon-clone\\functions\\node_modules\\firebase-functions\\lib\\index.js"} {"metadata":{"emulator":{"name":"functions"},"message":"[runtime-status] [14768] Resolved module firebase-functions {\"declared\":true,\"installed\":true,\"version\":\"3.11.0\",\"resolution\":\"C:\\\\Users\\\\81805\\\\amozon-clone\\\\functions\\\\node_modules\\\\firebase-functions\\\\lib\\\\index.js\"}"}}
[debug] [2020-10-06T19:10:24.014Z] [runtime-status] [14768] Resolved module firebase-functions {"declared":true,"installed":true,"version":"3.11.0","resolution":"C:\\Users\\81805\\amozon-clone\\functions\\node_modules\\firebase-functions\\lib\\index.js"} {"metadata":{"emulator":{"name":"functions"},"message":"[runtime-status] [14768] Resolved module firebase-functions {\"declared\":true,\"installed\":true,\"version\":\"3.11.0\",\"resolution\":\"C:\\\\Users\\\\81805\\\\amozon-clone\\\\functions\\\\node_modules\\\\firebase-functions\\\\lib\\\\index.js\"}"}}
[debug] [2020-10-06T19:10:24.017Z] [runtime-status] [14768] Outgoing network have been stubbed. [{"name":"http","status":"mocked"},{"name":"http","status":"mocked"},{"name":"https","status":"mocked"},{"name":"https","status":"mocked"},{"name":"net","status":"mocked"}] {"metadata":{"emulator":{"name":"functions"},"message":"[runtime-status] [14768] Outgoing network have been stubbed. [{\"name\":\"http\",\"status\":\"mocked\"},{\"name\":\"http\",\"status\":\"mocked\"},{\"name\":\"https\",\"status\":\"mocked\"},{\"name\":\"https\",\"status\":\"mocked\"},{\"name\":\"net\",\"status\":\"mocked\"}]"}}
[debug] [2020-10-06T19:10:24.018Z] [runtime-status] [14768] Resolved module firebase-functions {"declared":true,"installed":true,"version":"3.11.0","resolution":"C:\\Users\\81805\\amozon-clone\\functions\\node_modules\\firebase-functions\\lib\\index.js"} {"metadata":{"emulator":{"name":"functions"},"message":"[runtime-status] [14768] Resolved module firebase-functions {\"declared\":true,\"installed\":true,\"version\":\"3.11.0\",\"resolution\":\"C:\\\\Users\\\\81805\\\\amozon-clone\\\\functions\\\\node_modules\\\\firebase-functions\\\\lib\\\\index.js\"}"}}
[debug] [2020-10-06T19:10:24.341Z] [runtime-status] [14768] Checked functions.config() {"config":{}} {"metadata":{"emulator":{"name":"functions"},"message":"[runtime-status] [14768] Checked functions.config() {\"config\":{}}"}}
[debug] [2020-10-06T19:10:24.342Z] [runtime-status] [14768] firebase-functions has been stubbed. {"functionsResolution":{"declared":true,"installed":true,"version":"3.11.0","resolution":"C:\\Users\\81805\\amozon-clone\\functions\\node_modules\\firebase-functions\\lib\\index.js"}} {"metadata":{"emulator":{"name":"functions"},"message":"[runtime-status] [14768] firebase-functions has been stubbed. {\"functionsResolution\":{\"declared\":true,\"installed\":true,\"version\":\"3.11.0\",\"resolution\":\"C:\\\\Users\\\\81805\\\\amozon-clone\\\\functions\\\\node_modules\\\\firebase-functions\\\\lib\\\\index.js\"}}"}}
[debug] [2020-10-06T19:10:24.342Z] [runtime-status] [14768] Resolved module firebase-functions {"declared":true,"installed":true,"version":"3.11.0","resolution":"C:\\Users\\81805\\amozon-clone\\functions\\node_modules\\firebase-functions\\lib\\index.js"} {"metadata":{"emulator":{"name":"functions"},"message":"[runtime-status] [14768] Resolved module firebase-functions {\"declared\":true,\"installed\":true,\"version\":\"3.11.0\",\"resolution\":\"C:\\\\Users\\\\81805\\\\amozon-clone\\\\functions\\\\node_modules\\\\firebase-functions\\\\lib\\\\index.js\"}"}}
[debug] [2020-10-06T19:10:24.345Z] [runtime-status] [14768] Resolved module firebase-admin {"declared":true,"installed":true,"version":"8.13.0","resolution":"C:\\Users\\81805\\amozon-clone\\functions\\node_modules\\firebase-admin\\lib\\index.js"} {"metadata":{"emulator":{"name":"functions"},"message":"[runtime-status] [14768] Resolved module firebase-admin {\"declared\":true,\"installed\":true,\"version\":\"8.13.0\",\"resolution\":\"C:\\\\Users\\\\81805\\\\amozon-clone\\\\functions\\\\node_modules\\\\firebase-admin\\\\lib\\\\index.js\"}"}}
[debug] [2020-10-06T19:10:24.346Z] [runtime-status] [14768] Resolved module firebase-functions {"declared":true,"installed":true,"version":"3.11.0","resolution":"C:\\Users\\81805\\amozon-clone\\functions\\node_modules\\firebase-functions\\lib\\index.js"} {"metadata":{"emulator":{"name":"functions"},"message":"[runtime-status] [14768] Resolved module firebase-functions {\"declared\":true,\"installed\":true,\"version\":\"3.11.0\",\"resolution\":\"C:\\\\Users\\\\81805\\\\amozon-clone\\\\functions\\\\node_modules\\\\firebase-functions\\\\lib\\\\index.js\"}"}}
[debug] [2020-10-06T19:10:24.347Z] [runtime-status] [14768] firebase-admin has been stubbed. {"adminResolution":{"declared":true,"installed":true,"version":"8.13.0","resolution":"C:\\Users\\81805\\amozon-clone\\functions\\node_modules\\firebase-admin\\lib\\index.js"}} {"metadata":{"emulator":{"name":"functions"},"message":"[runtime-status] [14768] firebase-admin has been stubbed. {\"adminResolution\":{\"declared\":true,\"installed\":true,\"version\":\"8.13.0\",\"resolution\":\"C:\\\\Users\\\\81805\\\\amozon-clone\\\\functions\\\\node_modules\\\\firebase-admin\\\\lib\\\\index.js\"}}"}}
[debug] [2020-10-06T19:10:25.305Z] [worker-~diagnostic~-f961fc96-0544-4e1e-a01c-177260d11eaa]: IDLE {"metadata":{"emulator":{"name":"functions"},"message":"[worker-~diagnostic~-f961fc96-0544-4e1e-a01c-177260d11eaa]: IDLE"}}
